<?xml version="1.0" encoding="utf-8"?><testsuites><testsuite name="pytest" errors="1" failures="0" skipped="0" tests="1" time="0.055" timestamp="2024-09-24T19:46:16.461925+08:00" hostname="LQFL22JT76"><testcase classname="" name="tests.test_demo" time="0.000"><error message="collection failure">ImportError while importing test module '/Users/bytedance/PycharmProjects/my_best/pytest_framework/tests/test_demo.py'.
Hint: make sure your test modules/packages have valid Python names.
Traceback:
/opt/homebrew/Cellar/python@3.12/3.12.6/Frameworks/Python.framework/Versions/3.12/lib/python3.12/importlib/__init__.py:90: in import_module
    return _bootstrap._gcd_import(name[level:], package, level)
tests/test_demo.py:2: in &lt;module&gt;
    from test_lib.utils.log_moudle import logger
E   ModuleNotFoundError: No module named 'test_lib'</error></testcase></testsuite></testsuites>
